\BOOKMARK [1][-]{section.1}{\376\377\000I\000n\000t\000r\000o\000d\000u\000z\000i\000o\000n\000e}{}% 1
\BOOKMARK [1][-]{section.2}{\376\377\000D\000a\000t\000a\000\040\000F\000l\000o\000w\000\040\000D\000i\000a\000g\000r\000a\000m}{}% 2
\BOOKMARK [2][-]{subsection.2.1}{\376\377\000S\000p\000e\000c\000i\000f\000i\000c\000h\000e\000\040\000s\000u\000i\000\040\000b\000l\000o\000c\000c\000h\000i\000\040\000o\000p\000e\000r\000a\000z\000i\000o\000n\000a\000l\000i}{section.2}% 3
\BOOKMARK [2][-]{subsection.2.2}{\376\377\000A\000p\000p\000r\000o\000c\000c\000i\000o\000\040\000A\000S\000A\000P}{section.2}% 4
\BOOKMARK [2][-]{subsection.2.3}{\376\377\000A\000p\000p\000r\000o\000c\000c\000i\000o\000\040\000A\000L\000A\000P}{section.2}% 5
\BOOKMARK [2][-]{subsection.2.4}{\376\377\000A\000p\000p\000r\000o\000c\000c\000i\000o\000\040\000s\000c\000e\000l\000t\000o}{section.2}% 6
\BOOKMARK [1][-]{section.3}{\376\377\000D\000a\000t\000a\000p\000a\000t\000h}{}% 7
\BOOKMARK [2][-]{subsection.3.1}{\376\377\000R\000O\000M\000\040\000R\000o\000u\000n\000d\000i\000n\000g}{section.3}% 8
\BOOKMARK [1][-]{section.4}{\376\377\000C\000o\000n\000t\000r\000o\000l\000\040\000U\000n\000i\000t}{}% 9
\BOOKMARK [1][-]{section.5}{\376\377\000A\000p\000p\000e\000n\000d\000i\000c\000e}{}% 10
\BOOKMARK [2][-]{subsection.5.1}{\376\377\000S\000o\000m\000m\000a\000t\000o\000r\000e}{section.5}% 11
\BOOKMARK [2][-]{subsection.5.2}{\376\377\000M\000U\000X}{section.5}% 12
\BOOKMARK [3][-]{subsubsection.5.2.1}{\376\377\000M\000U\000X\000\040\0002}{subsection.5.2}% 13
\BOOKMARK [3][-]{subsubsection.5.2.2}{\376\377\000M\000U\000X\000\040\0003}{subsection.5.2}% 14
\BOOKMARK [2][-]{subsection.5.3}{\376\377\000S\000o\000t\000t\000r\000a\000t\000t\000o\000r\000e}{section.5}% 15
\BOOKMARK [2][-]{subsection.5.4}{\376\377\000M\000o\000l\000t\000i\000p\000l\000i\000c\000a\000t\000o\000r\000e\000/\000S\000h\000i\000f\000t\000e\000r}{section.5}% 16
\BOOKMARK [2][-]{subsection.5.5}{\376\377\000R\000O\000M\000\040\000r\000o\000u\000n\000d\000i\000n\000g}{section.5}% 17
\BOOKMARK [3][-]{subsubsection.5.5.1}{\376\377\000R\000O\000M}{subsection.5.5}% 18
\BOOKMARK [2][-]{subsection.5.6}{\376\377\000D\000a\000t\000a\000p\000a\000t\000h}{section.5}% 19
\BOOKMARK [2][-]{subsection.5.7}{\376\377\000C\000o\000n\000t\000r\000o\000l\000\040\000U\000n\000i\000t}{section.5}% 20
\BOOKMARK [3][-]{subsubsection.5.7.1}{\376\377\000D\000a\000t\000a\000p\000a\000t\000h}{subsection.5.7}% 21
\BOOKMARK [3][-]{subsubsection.5.7.2}{\376\377\000R\000O\000M}{subsection.5.7}% 22
\BOOKMARK [3][-]{subsubsection.5.7.3}{\376\377\000P\000L\000A}{subsection.5.7}% 23
\BOOKMARK [3][-]{subsubsection.5.7.4}{\376\377\000T\000e\000s\000t\000\040\000B\000e\000n\000c\000h}{subsection.5.7}% 24
